Log file open, 01/26/17 21:32:47
LogInit:Display: Running engine for game: shooter
LogPlatformFile: Not using cached read wrapper
LogInit:Display: RandInit(-1927873288) SRandInit(-1927873288).
LogTaskGraph: Started task graph with 5 named threads and 6 total threads with 1 sets of task threads.
LogStats: Stats thread started at 0.287043
LogInit: Using libcurl 7.47.1
LogInit:  - built for x86_64-pc-win32
LogInit:  - supports SSL with OpenSSL/1.0.2g
LogInit:  - supports HTTP deflate (compression) using libz 1.2.8
LogInit:  - other features:
LogInit:      CURL_VERSION_SSL
LogInit:      CURL_VERSION_LIBZ
LogInit:      CURL_VERSION_IPV6
LogInit:      CURL_VERSION_ASYNCHDNS
LogInit:      CURL_VERSION_LARGEFILE
LogInit:      CURL_VERSION_IDN
LogInit:  CurlRequestOptions (configurable via config and command line):
LogInit:  - bVerifyPeer = false  - Libcurl will NOT verify peer certificate
LogInit:  - bUseHttpProxy = false  - Libcurl will NOT use HTTP proxy
LogInit:  - bDontReuseConnections = false  - Libcurl will reuse connections
LogInit:  - CertBundlePath = nullptr  - Libcurl will use whatever was configured at build time.
LogInit: Build: ++UE4+Release-4.15-CL-3269047
LogInit: Engine Version: 4.15.0-3269047+++UE4+Release-4.15
LogInit: Compatible Engine Version: 4.15.0-3269047+++UE4+Release-4.15
LogInit: Net CL: 3269047
LogDevObjectVersion: Number of dev versions registered: 14
LogDevObjectVersion:   Dev-Blueprints (B0D832E4-1F89-4F0D-ACCF-7EB736FD4AA2): 8
LogDevObjectVersion:   Dev-Build (E1C64328-A22C-4D53-A36C-8E866417BD8C): 0
LogDevObjectVersion:   Dev-Core (375EC13C-06E4-48FB-B500-84F0262A717E): 2
LogDevObjectVersion:   Dev-Editor (E4B068ED-F494-42E9-A231-DA0B2E46BB41): 14
LogDevObjectVersion:   Dev-Framework (CFFC743F-43B0-4480-9391-14DF171D2073): 22
LogDevObjectVersion:   Dev-Mobile (B02B49B5-BB20-44E9-A304-32B752E40360): 0
LogDevObjectVersion:   Dev-Networking (A4E4105C-59A1-49B5-A7C5-40C4547EDFEE): 0
LogDevObjectVersion:   Dev-Online (39C831C9-5AE6-47DC-9A44-9C173E1C8E7C): 0
LogDevObjectVersion:   Dev-Physics (78F01B33-EBEA-4F98-B9B4-84EACCB95AA2): 0
LogDevObjectVersion:   Dev-Platform (6631380F-2D4D-43E0-8009-CF276956A95A): 0
LogDevObjectVersion:   Dev-Rendering (12F88B9F-8875-4AFC-A67C-D90C383ABD29): 12
LogDevObjectVersion:   Dev-Sequencer (7B5AE74C-D270-4C10-A958-57980B212A5A): 3
LogDevObjectVersion:   Dev-VR (D7296918-1DD6-4BDD-9DE2-64A83CC13884): 0
LogDevObjectVersion:   Dev-LoadTimes (C2A15278-BFE7-4AFE-6C17-90FF531DF755): 1
LogInit: Compiled (64-bit): Jan 24 2017 02:04:09
LogInit: Compiled with Visual C++: 19.00.23026.00
LogInit: Build Configuration: Development
LogInit: Branch Name: ++UE4+Release-4.15
LogInit: Command line: -EpicPortal 
LogInit: Base directory: D:/Новая папка (5)/UE_4.15/Engine/Binaries/Win64/
LogInit: Installed Engine Build: 1
LogInit: Presizing for max 8388607 objects, including 0 objects not considered by GC, pre-allocating 0 bytes for permanent pool.
LogInit: Object subsystem initialized
[2017.01.26-18.32.49:999][  0]LogInit: Selected Device Profile: [Windows]
[2017.01.26-18.32.49:999][  0]LogInit: Applying CVar settings loaded from the selected device profile: [Windows]
[2017.01.26-18.32.50:092][  0]LogInit: Computer: МАКС-ПК
[2017.01.26-18.32.50:092][  0]LogInit: User: Макс
[2017.01.26-18.32.50:092][  0]LogInit: CPU Page size=65536, Cores=1
[2017.01.26-18.32.50:092][  0]LogInit: High frequency timer resolution =3.509345 MHz
[2017.01.26-18.32.50:093][  0]LogMemory: Memory total: Physical=3.9GB (4GB approx)
[2017.01.26-18.32.50:093][  0]LogMemory: Platform Memory Stats for Windows
[2017.01.26-18.32.50:093][  0]LogMemory: Process Physical Memory: 262.50 MB used, 262.50 MB peak
[2017.01.26-18.32.50:093][  0]LogMemory: Process Virtual Memory: 263.86 MB used, 263.86 MB peak
[2017.01.26-18.32.50:093][  0]LogMemory: Physical Memory: 2118.88 MB used,  1921.27 MB free, 4040.14 MB total
[2017.01.26-18.32.50:093][  0]LogMemory: Virtual Memory: 629.02 MB used,  1921.27 MB free, 8388608.00 MB total
[2017.01.26-18.32.50:968][  0]LogTextLocalizationManager: No translations for ('ru-RU') exist, falling back to 'en' for localization and internationalization data.
[2017.01.26-18.32.54:061][  0]LogD3D11RHI: D3D11 adapters:
[2017.01.26-18.32.54:120][  0]LogD3D11RHI:    0. 'NVIDIA GeForce GT 730' (Feature Level 11_0)
[2017.01.26-18.32.54:120][  0]LogD3D11RHI:       973/0/1764 MB DedicatedVideo/DedicatedSystem/SharedSystem, Outputs:1, VendorId:0x10de
[2017.01.26-18.32.54:120][  0]LogD3D11RHI: Chosen D3D11 Adapter: 0
[2017.01.26-18.32.54:139][  0]LogD3D11RHI: Creating new Direct3DDevice
[2017.01.26-18.32.54:139][  0]LogD3D11RHI:     GPU DeviceId: 0x1287 (for the marketing name, search the web for "GPU Device Id")
[2017.01.26-18.32.54:139][  0]LogWindows: EnumDisplayDevices:
[2017.01.26-18.32.54:140][  0]LogWindows:    0. 'NVIDIA GeForce GT 730' (P:1 D:1)
[2017.01.26-18.32.54:142][  0]LogWindows:    1. 'NVIDIA GeForce GT 730' (P:0 D:0)
[2017.01.26-18.32.54:143][  0]LogWindows:    2. 'NVIDIA GeForce GT 730' (P:0 D:0)
[2017.01.26-18.32.54:149][  0]LogWindows:    3. 'RDPDD Chained DD' (P:0 D:0)
[2017.01.26-18.32.54:151][  0]LogWindows:    4. 'RDP Encoder Mirror Driver' (P:0 D:0)
[2017.01.26-18.32.54:152][  0]LogWindows:    5. 'RDP Reflector Display Driver' (P:0 D:0)
[2017.01.26-18.32.54:152][  0]LogWindows: DebugString: GetVideoDriverDetailsInvalid PrimaryIsNotTheChoosenAdapter GetVideoDriverDetailsInvalid PrimaryIsNotTheChoosenAdapter GetVideoDriverDetailsInvalid PrimaryIsNotTheChoosenAdapter FoundDriverCount:3 
[2017.01.26-18.32.54:152][  0]LogD3D11RHI:     Adapter Name: NVIDIA GeForce GT 730
[2017.01.26-18.32.54:152][  0]LogD3D11RHI:   Driver Version: 375.63 (internal:21.21.13.7563, unified:375.63)
[2017.01.26-18.32.54:152][  0]LogD3D11RHI:      Driver Date: 10-21-2016
[2017.01.26-18.32.54:152][  0]LogRHI: Texture pool is 681 MB (70% of 973 MB)
[2017.01.26-18.32.54:185][  0]LogD3D11RHI:Warning: Timestamp queries are currently disabled on this hardware due to instability. Realtime GPU stats will not be available. You can override this behaviour by setting r.NVIDIATimestampWorkaround to 0
[2017.01.26-18.32.54:186][  0]LogD3D11RHI: Async texture creation enabled
[2017.01.26-18.32.54:207][  0]LogD3D11RHI: GPU Timing Frequency: 1000.000000 (Debug: 2 1)
[2017.01.26-18.32.54:269][  0]LogShaderCompilers: Guid format shader working directory is 16 characters bigger than the processId version (../../../../../проект/shooter/Intermediate/Shaders/WorkingDirectory/4752/).
[2017.01.26-18.32.54:270][  0]LogShaderCompilers: Cleaned the shader compiler working directory 'C:/Users/Макс/AppData/Local/Temp/UnrealShaderWorkingDir/58D7EFEB4C99196B819D4D8189DA40F3/'.
[2017.01.26-18.32.54:270][  0]LogShaderCompilers:Display: Using Local Shader Compiler.
[2017.01.26-18.33.01:160][  0]LogTemp:Display: Loaded TP AllDesktopTargetPlatform
[2017.01.26-18.33.01:383][  0]LogTemp:Display: Loaded TP MacClientTargetPlatform
[2017.01.26-18.33.01:670][  0]LogTemp:Display: Loaded TP MacNoEditorTargetPlatform
[2017.01.26-18.33.01:959][  0]LogTemp:Display: Loaded TP MacServerTargetPlatform
[2017.01.26-18.33.02:247][  0]LogTemp:Display: Loaded TP MacTargetPlatform
[2017.01.26-18.33.02:519][  0]LogTemp:Display: Loaded TP WindowsClientTargetPlatform
[2017.01.26-18.33.02:744][  0]LogTemp:Display: Loaded TP WindowsNoEditorTargetPlatform
[2017.01.26-18.33.02:991][  0]LogTemp:Display: Loaded TP WindowsServerTargetPlatform
[2017.01.26-18.33.03:197][  0]LogTemp:Display: Loaded TP WindowsTargetPlatform
[2017.01.26-18.33.03:433][  0]LogTemp:Display: Loaded TP AndroidTargetPlatform
[2017.01.26-18.33.03:631][  0]LogTemp:Display: Loaded TP Android_ASTCTargetPlatform
[2017.01.26-18.33.03:863][  0]LogTemp:Display: Loaded TP Android_ATCTargetPlatform
[2017.01.26-18.33.04:096][  0]LogTemp:Display: Loaded TP Android_DXTTargetPlatform
[2017.01.26-18.33.04:380][  0]LogTemp:Display: Loaded TP Android_ETC1TargetPlatform
[2017.01.26-18.33.04:623][  0]LogTemp:Display: Loaded TP Android_ETC2TargetPlatform
[2017.01.26-18.33.05:152][  0]LogTemp:Display: Loaded TP Android_MultiTargetPlatform
[2017.01.26-18.33.05:152][  0]LogTemp:Display: Loaded TP Android_PVRTCTargetPlatform
[2017.01.26-18.33.05:363][  0]LogTemp:Display: Loaded TP HTML5TargetPlatform
[2017.01.26-18.33.05:684][  0]LogTemp:Display: Loaded TP IOSTargetPlatform
[2017.01.26-18.33.05:775][  0]LogTemp:Display: Loaded TP TVOSTargetPlatform
[2017.01.26-18.33.05:975][  0]LogTemp:Display: Loaded TP LinuxClientTargetPlatform
[2017.01.26-18.33.06:214][  0]LogTemp:Display: Loaded TP LinuxNoEditorTargetPlatform
[2017.01.26-18.33.06:501][  0]LogTemp:Display: Loaded TP LinuxServerTargetPlatform
[2017.01.26-18.33.06:762][  0]LogTemp:Display: Loaded TP LinuxTargetPlatform
[2017.01.26-18.33.06:763][  0]LogTargetPlatformManager:Display: Building Assets For Windows
[2017.01.26-18.33.08:405][  0]LogDerivedDataCache:Display: Max Cache Size: 512 MB
[2017.01.26-18.33.08:801][  0]LogDerivedDataCache: Loaded boot cache 0.40s 50MB C:/Users/Макс/AppData/Local/UnrealEngine/4.15/DerivedDataCache/Boot.ddc.
[2017.01.26-18.33.08:801][  0]LogDerivedDataCache:Display: Loaded Boot cache: C:/Users/Макс/AppData/Local/UnrealEngine/4.15/DerivedDataCache/Boot.ddc
[2017.01.26-18.33.08:801][  0]LogDerivedDataCache: FDerivedDataBackendGraph:  Pak pak cache file ../../../../../проект/shooter/DerivedDataCache/DDC.ddp not found, will not use a pak cache.
[2017.01.26-18.33.08:801][  0]LogDerivedDataCache: Unable to find inner node Pak for hierarchical cache Hierarchy.
[2017.01.26-18.33.08:801][  0]LogDerivedDataCache: FDerivedDataBackendGraph:  CompressedPak pak cache file ../../../../../проект/shooter/DerivedDataCache/Compressed.ddp not found, will not use a pak cache.
[2017.01.26-18.33.08:801][  0]LogDerivedDataCache: Unable to find inner node CompressedPak for hierarchical cache Hierarchy.
[2017.01.26-18.33.08:984][  0]LogDerivedDataCache:Display: Pak cache opened for reading ../../../Engine/DerivedDataCache/Compressed.ddp.
[2017.01.26-18.33.08:998][  0]LogDerivedDataCache: Using Local data cache path C:/Users/Макс/AppData/Local/UnrealEngine/Common/DerivedDataCache: Writable
[2017.01.26-18.33.09:038][  0]LogSlate: Using Freetype 2.6.0
[2017.01.26-18.33.09:041][  0]LogSlate: SlateFontCache - WITH_FREETYPE: 1, WITH_HARFBUZZ: 1
[2017.01.26-18.33.09:041][  0]LogSlate: SlateFontCache - WITH_FREETYPE: 1, WITH_HARFBUZZ: 1
[2017.01.26-18.33.10:314][  0]LogInit: Selected Device Profile: [Windows]
[2017.01.26-18.33.10:332][  0]LogContentStreaming: Texture pool size is 0.00 MB
[2017.01.26-18.33.11:189][  0]LogMeshUtilities: Using QuadricMeshReduction for automatic static mesh reduction
[2017.01.26-18.33.11:393][  0]LogSimplygon: Simplygon DLL not present - disabling.
[2017.01.26-18.33.11:585][  0]LogMeshUtilities: Using SimplygonSwarm for distributed automatic mesh merging
[2017.01.26-18.33.11:585][  0]LogMeshUtilities: No automatic skeletal mesh reduction module available
[2017.01.26-18.33.11:585][  0]LogMeshUtilities: No automatic mesh merging module available
[2017.01.26-18.33.13:707][  0]LogNetVersion: GetLocalNetworkVersion: CL: 3269047, ProjectName: shooter, ProjectVersion: , EngineNetworkVersion: 2, GameNetworkVersion: 0, NetworkChecksum: 1744627126
[2017.01.26-18.33.13:810][  0]LogAssetRegistry: FAssetRegistry took 0.0204 seconds to start up
[2017.01.26-18.33.13:942][  0]LogPackageLocalizationCache: Processed 3 localized package path(s) for 1 prioritized culture(s) in 0.055152 seconds
[2017.01.26-18.33.13:983][  0]LogUObjectArray: 32473 objects as part of root set at end of initial load.
[2017.01.26-18.33.13:983][  0]LogUObjectAllocator: 7060128 out of 0 bytes used by permanent object pool.
[2017.01.26-18.33.13:983][  0]LogUObjectArray: CloseDisregardForGC: 0/0 objects in disregard for GC pool
[2017.01.26-18.33.14:142][  0]LogInit: WinSock: version 1.1 (2.2), MaxSocks=32767, MaxUdp=65467
[2017.01.26-18.33.18:052][  0]LogStreaming:Warning: Failed to read file 'Common/RoundedSelection_16x.png' error.
[2017.01.26-18.33.18:052][  0]LogSlate: Could not find file for Slate resource: Common/RoundedSelection_16x.png
[2017.01.26-18.33.19:426][  0]LogTcpMessaging: Initializing TcpMessaging bridge
[2017.01.26-18.33.19:488][  0]LogUdpMessaging: Initializing bridge on interface 0.0.0.0:0 to multicast group 230.0.0.1:6666.
[2017.01.26-18.33.20:803][  0]LogMaterial: Uniform references updated for custom material expression Custom.
[2017.01.26-18.33.21:876][  0]SourceControl: Info Source control is disabled
[2017.01.26-18.33.21:878][  0]SourceControl: Info Source control is disabled
[2017.01.26-18.33.22:033][  0]SourceControl: Info Source control is disabled
[2017.01.26-18.33.22:158][  0]SourceControl: Info Source control is disabled
[2017.01.26-18.33.25:882][  0]LogEngine: Initializing Engine...
[2017.01.26-18.33.25:883][  0]LogHMD: Failed to initialize OpenVR with code 110
[2017.01.26-18.33.26:547][  0]LogAIModule: Creating AISystem for world Untitled
[2017.01.26-18.33.26:622][  0]LogInit: XAudio2 using 'Динамики (Realtek High Definition Audio)' : 2 channels at 48 kHz using 32 bits per sample (channel mask 0x3)
[2017.01.26-18.33.26:645][  0]LogInit: FAudioDevice initialized.
[2017.01.26-18.33.26:742][  0]LogDerivedDataCache: Saved boot cache 0.10s 50MB C:/Users/Макс/AppData/Local/UnrealEngine/4.15/DerivedDataCache/Boot.ddc.
[2017.01.26-18.33.26:767][  0]LogInit: Texture streaming: Enabled
[2017.01.26-18.33.27:000][  0]LogEngineSessionManager: EngineSessionManager initialized
[2017.01.26-18.33.27:252][  0]LogInit: Transaction tracking system initialized
[2017.01.26-18.33.28:224][  0]BlueprintLog: New page: Editor Load
[2017.01.26-18.33.30:390][  0]LocalizationService: Info Localization service is disabled
[2017.01.26-18.33.32:028][  0]LogConsoleResponse:Display: 
[2017.01.26-18.33.32:618][  0]LogCook:Display: Max memory allowance for cook 16384mb min free memory 0mb
[2017.01.26-18.33.32:618][  0]LogCook:Display: Mobile HDR setting 1
[2017.01.26-18.33.36:891][  0]LogFileCache: Scanning file cache for directory 'D:/проект/shooter/Content/' took 0.05s
[2017.01.26-18.33.36:891][  0]SourceControl: Info Source control is disabled
[2017.01.26-18.33.36:891][  0]Cmd: MAP LOAD FILE="../../../../../проект/shooter/Content/FirstPersonBP/Maps/FirstPersonExampleMap.umap" TEMPLATE=0 SHOWPROGRESS=1 FEATURELEVEL=3
[2017.01.26-18.33.36:892][  0]LightingResults: New page: Lighting Build
[2017.01.26-18.33.37:010][  0]MapCheck: New page: Map Check
[2017.01.26-18.33.37:010][  0]LightingResults: New page: Lighting Build
[2017.01.26-18.33.42:943][  0]LogAIModule: Creating AISystem for world FirstPersonExampleMap
[2017.01.26-18.33.46:919][  0]LogEditorServer: Finished looking for orphan Actors (0.000 secs)
[2017.01.26-18.33.46:957][  0]Cmd: MAP CHECKDEP NOCLEARLOG
[2017.01.26-18.33.47:215][  0]MapCheck: Info Map check complete: 0 Error(s), 0 Warning(s), took 256.973ms to complete.
[2017.01.26-18.33.47:215][  0]LogFileHelpers: Loading map 'FirstPersonExampleMap' took 10.324
[2017.01.26-18.33.47:985][  0]LogCollectionManager: Loaded 0 collections in 0.004153 seconds
[2017.01.26-18.33.48:270][  0]LogFileCache: Scanning file cache for directory 'D:/проект/shooter/Saved/Collections/' took 0.02s
[2017.01.26-18.33.48:270][  0]LogFileCache: Scanning file cache for directory 'D:/проект/shooter/Content/Developers/Макс/Collections/' took 0.01s
[2017.01.26-18.33.48:270][  0]LogFileCache: Scanning file cache for directory 'D:/проект/shooter/Content/Collections/' took 0.01s
[2017.01.26-18.33.48:270][  0]LogCollectionManager: Rebuilt the GUID cache for 0 collections in 0.000005 seconds
[2017.01.26-18.33.48:316][  0]LogContentBrowser: Native class hierarchy populated in 0.0245 seconds. Added 2244 classes and 450 folders.
[2017.01.26-18.33.48:408][  0]LogStats: UGameplayTagsManager::ConstructGameplayTagTree: Construct from data asset -  0.000 s
[2017.01.26-18.33.48:425][  0]LogStats: UGameplayTagsManager::ConstructGameplayTagTree: GameplayTagTreeChangedEvent.Broadcast -  0.000 s
[2017.01.26-18.33.48:687][  0]LogContentBrowser: Native class hierarchy updated for 'WidgetCarousel' in 0.0015 seconds. Added 0 classes and 0 folders.
[2017.01.26-18.33.49:681][  0]LogContentBrowser: Native class hierarchy updated for 'AddContentDialog' in 0.0010 seconds. Added 0 classes and 0 folders.
[2017.01.26-18.33.49:971][  0]LogContentBrowser: Native class hierarchy updated for 'SceneOutliner' in 0.0009 seconds. Added 1 classes and 2 folders.
[2017.01.26-18.33.50:305][  0]LogCrashTracker: Crashtracker disabled due to settings.
[2017.01.26-18.33.50:342][  0]LogUObjectGlobals:Warning: Failed to find object 'Class None.'
[2017.01.26-18.33.50:557][  0]LogContentBrowser: Native class hierarchy updated for 'HierarchicalLODOutliner' in 0.0011 seconds. Added 1 classes and 2 folders.
[2017.01.26-18.33.50:558][  0]LogLoad: (Engine Initialization) Total time: 69.61 seconds
[2017.01.26-18.33.50:558][  0]LogLoad: (Engine Initialization) Total Blueprint compile time: 1.12 seconds
[2017.01.26-18.33.50:558][  0]LogExternalProfiler: No external profilers were discovered.  External profiling features will not be available.
[2017.01.26-18.33.50:598][  0]LogOcInput: OculusInput pre-init called
[2017.01.26-18.33.50:729][  0]LogContentStreaming: Texture pool size now 1000 MB
[2017.01.26-18.33.50:732][  0]LogSlate: Took 0.001285 seconds to synchronously load lazily loaded font '../../../Engine/Content/Slate/Fonts/Roboto-Regular.ttf' (155K)
[2017.01.26-18.33.50:749][  0]LogSlate: Took 0.000972 seconds to synchronously load lazily loaded font '../../../Engine/Content/Slate/Fonts/Roboto-Bold.ttf' (160K)
[2017.01.26-18.33.50:790][  0]LogSlate: Took 0.027830 seconds to synchronously load lazily loaded font '../../../Engine/Content/Editor/Slate/Fonts/FontAwesome.ttf' (139K)
[2017.01.26-18.33.51:490][  1]LogRenderer: Reallocating scene render targets to support 128x128 NumSamples 1 (Frame:1).
[2017.01.26-18.33.52:167][  1]LogRenderer: Reallocating scene render targets to support 1004x584 NumSamples 1 (Frame:2).
[2017.01.26-18.33.52:891][  5]LogAssetRegistry: Asset discovery search completed in 39.0999 seconds
[2017.01.26-18.33.52:891][  5]LogCollectionManager: Rebuilt the object cache for 0 collections in 0.000016 seconds (found 0 objects)
[2017.01.26-18.33.52:891][  5]LogCollectionManager: Fixed up redirectors for 0 collections in 0.000131 seconds (updated 0 objects)
[2017.01.26-18.34.15:274][412]LogTemp: Repeting last play command: Selected Viewport
[2017.01.26-18.34.15:319][412]LogBlueprintUserMessages: Early PlayInEditor Detection: Level '/Game/FirstPersonBP/Maps/FirstPersonExampleMap.FirstPersonExampleMap:PersistentLevel' has LevelScriptBlueprint '/Game/FirstPersonBP/Maps/FirstPersonExampleMap.FirstPersonExampleMap:PersistentLevel.FirstPersonExampleMap' with GeneratedClass '/Game/FirstPersonBP/Maps/FirstPersonExampleMap.FirstPersonExampleMap_C' with ClassGeneratedBy '/Game/FirstPersonBP/Maps/FirstPersonExampleMap.FirstPersonExampleMap:PersistentLevel.FirstPersonExampleMap'
[2017.01.26-18.34.15:319][412]LogPlayLevel: PlayLevel: No blueprints needed recompiling
[2017.01.26-18.34.15:319][412]PIE: New page: PIE session: FirstPersonExampleMap (Jan 27, 2017, 12:34:15 AM)
[2017.01.26-18.34.15:319][412]LogPlayLevel: Creating play world package: /Game/FirstPersonBP/Maps/UEDPIE_0_FirstPersonExampleMap
[2017.01.26-18.34.15:511][412]LogPlayLevel: PIE: StaticDuplicateObject took: (0.191360s)
[2017.01.26-18.34.15:514][412]LogAIModule: Creating AISystem for world FirstPersonExampleMap
[2017.01.26-18.34.15:515][412]LogPlayLevel: PIE: World Init took: (0.003670s)
[2017.01.26-18.34.15:515][412]LogPlayLevel: PIE: Created PIE world by copying editor world from /Game/FirstPersonBP/Maps/FirstPersonExampleMap.FirstPersonExampleMap to /Game/FirstPersonBP/Maps/UEDPIE_0_FirstPersonExampleMap.FirstPersonExampleMap (0.195547s)
[2017.01.26-18.34.15:561][412]LogGarbage:Warning: GC detected illegal reference to PIE object from content [possibly via [todo]]:
[2017.01.26-18.34.15:561][412]LogGarbage:Warning:       PIE object: World /Game/FirstPersonBP/Maps/UEDPIE_0_FirstPersonExampleMap.FirstPersonExampleMap
[2017.01.26-18.34.15:561][412]LogGarbage:Warning:   NON-PIE object: UnrealEdEngine /Engine/Transient.UnrealEdEngine_0
[2017.01.26-18.34.15:683][412]LogInit: XAudio2 using 'Динамики (Realtek High Definition Audio)' : 2 channels at 48 kHz using 32 bits per sample (channel mask 0x3)
[2017.01.26-18.34.15:827][412]LogInit: FAudioDevice initialized.
[2017.01.26-18.34.16:005][412]LogLoad: Game class is 'FirstPersonGameMode_C'
[2017.01.26-18.34.16:033][412]LogWorld: Bringing World /Game/FirstPersonBP/Maps/UEDPIE_0_FirstPersonExampleMap.FirstPersonExampleMap up for play (max tick rate 0) at 2017.01.26-21.34.16
[2017.01.26-18.34.16:035][412]LogWorld: Bringing up level for play took: 0.025643
[2017.01.26-18.34.16:205][412]LogContentBrowser: Native class hierarchy updated for 'MovieSceneCapture' in 0.0008 seconds. Added 11 classes and 0 folders.
[2017.01.26-18.34.16:219][412]PIE: Info Play in editor start time for /Game/FirstPersonBP/Maps/UEDPIE_0_FirstPersonExampleMap 1.638
[2017.01.26-18.34.16:220][412]LogBlueprintUserMessages: Late PlayInEditor Detection: Level '/Game/FirstPersonBP/Maps/FirstPersonExampleMap.FirstPersonExampleMap:PersistentLevel' has LevelScriptBlueprint '/Game/FirstPersonBP/Maps/FirstPersonExampleMap.FirstPersonExampleMap:PersistentLevel.FirstPersonExampleMap' with GeneratedClass '/Game/FirstPersonBP/Maps/FirstPersonExampleMap.FirstPersonExampleMap_C' with ClassGeneratedBy '/Game/FirstPersonBP/Maps/FirstPersonExampleMap.FirstPersonExampleMap:PersistentLevel.FirstPersonExampleMap'
[2017.01.26-18.34.48:333][960]LogBlueprintUserMessages: Early EndPlayMap Detection: Level '/Game/FirstPersonBP/Maps/FirstPersonExampleMap.FirstPersonExampleMap:PersistentLevel' has LevelScriptBlueprint '/Game/FirstPersonBP/Maps/FirstPersonExampleMap.FirstPersonExampleMap:PersistentLevel.FirstPersonExampleMap' with GeneratedClass '/Game/FirstPersonBP/Maps/FirstPersonExampleMap.FirstPersonExampleMap_C' with ClassGeneratedBy '/Game/FirstPersonBP/Maps/FirstPersonExampleMap.FirstPersonExampleMap:PersistentLevel.FirstPersonExampleMap'
[2017.01.26-18.34.48:490][960]LogBlueprintUserMessages: Late EndPlayMap Detection: Level '/Game/FirstPersonBP/Maps/FirstPersonExampleMap.FirstPersonExampleMap:PersistentLevel' has LevelScriptBlueprint '/Game/FirstPersonBP/Maps/FirstPersonExampleMap.FirstPersonExampleMap:PersistentLevel.FirstPersonExampleMap' with GeneratedClass '/Game/FirstPersonBP/Maps/FirstPersonExampleMap.FirstPersonExampleMap_C' with ClassGeneratedBy '/Game/FirstPersonBP/Maps/FirstPersonExampleMap.FirstPersonExampleMap:PersistentLevel.FirstPersonExampleMap'
[2017.01.26-18.35.24:455][821]LogTexture:Display: Building textures: Texture2D_2 (G8)
[2017.01.26-18.35.42:441][ 62]Cmd: QUIT_EDITOR
[2017.01.26-18.35.42:774][ 62]LogExit: Preparing to exit.
[2017.01.26-18.35.43:823][ 62]LogDirectoryWatcher: A directory notification for 'D:/проект/shooter/Content/' was aborted.
[2017.01.26-18.35.43:930][ 62]LogExit: Editor shut down
[2017.01.26-18.35.43:931][ 62]LogExit: Transaction tracking system shut down
[2017.01.26-18.35.44:139][ 62]LogObj: Freed 0b from 0 cluster array pools.
[2017.01.26-18.35.44:139][ 62]LogExit: Object subsystem successfully closed.
[2017.01.26-18.35.44:186][ 62]LogD3D11RHI: Shutdown
[2017.01.26-18.35.44:186][ 62]LogD3D11RHI: CleanupD3DDevice
[2017.01.26-18.35.44:364][ 62]LogD3D11RHI: ~FD3D11DynamicRHI
[2017.01.26-18.35.44:382][ 62]LogModuleManager: Shutting down and abandoning module MovieSceneCapture (498)
[2017.01.26-18.35.44:382][ 62]LogModuleManager: Shutting down and abandoning module HierarchicalLODOutliner (496)
[2017.01.26-18.35.44:382][ 62]LogModuleManager: Shutting down and abandoning module CrashTracker (494)
[2017.01.26-18.35.44:382][ 62]LogModuleManager: Shutting down and abandoning module SceneOutliner (492)
[2017.01.26-18.35.44:382][ 62]LogModuleManager: Shutting down and abandoning module AddContentDialog (490)
[2017.01.26-18.35.44:382][ 62]LogDirectoryWatcher: A directory notification for 'D:/Новая папка (5)/UE_4.15/FeaturePacks/' was aborted.
[2017.01.26-18.35.44:390][ 62]LogModuleManager: Shutting down and abandoning module WidgetCarousel (489)
[2017.01.26-18.35.44:390][ 62]LogModuleManager: Shutting down and abandoning module EditorWidgets (486)
[2017.01.26-18.35.44:390][ 62]LogModuleManager: Shutting down and abandoning module CollectionManager (484)
[2017.01.26-18.35.44:390][ 62]LogDirectoryWatcher: A directory notification for 'D:/проект/shooter/Content/Collections/' was aborted.
[2017.01.26-18.35.44:390][ 62]LogDirectoryWatcher: A directory notification for 'D:/проект/shooter/Content/Developers/Макс/Collections/' was aborted.
[2017.01.26-18.35.44:390][ 62]LogDirectoryWatcher: A directory notification for 'D:/проект/shooter/Saved/Collections/' was aborted.
[2017.01.26-18.35.44:390][ 62]LogModuleManager: Shutting down and abandoning module StatsViewer (482)
[2017.01.26-18.35.44:390][ 62]LogModuleManager: Shutting down and abandoning module FoliageEdit (480)
[2017.01.26-18.35.44:390][ 62]LogModuleManager: Shutting down and abandoning module LandscapeEditor (478)
[2017.01.26-18.35.44:390][ 62]LogModuleManager: Shutting down and abandoning module SceneDepthPickerMode (476)
[2017.01.26-18.35.44:391][ 62]LogModuleManager: Shutting down and abandoning module ActorPickerMode (474)
[2017.01.26-18.35.44:391][ 62]LogModuleManager: Shutting down and abandoning module GeometryMode (472)
[2017.01.26-18.35.44:391][ 62]LogModuleManager: Shutting down and abandoning module TextureAlignMode (470)
[2017.01.26-18.35.44:391][ 62]LogModuleManager: Shutting down and abandoning module BspMode (468)
[2017.01.26-18.35.44:391][ 62]LogModuleManager: Shutting down and abandoning module HardwareSurvey (466)
[2017.01.26-18.35.44:391][ 62]LogModuleManager: Shutting down and abandoning module SequenceRecorderSections (464)
[2017.01.26-18.35.44:391][ 62]LogModuleManager: Shutting down and abandoning module AutomationWorker (462)
[2017.01.26-18.35.44:391][ 62]LogModuleManager: Shutting down and abandoning module MatineeToLevelSequence (460)
[2017.01.26-18.35.44:391][ 62]LogModuleManager: Shutting down and abandoning module LevelSequenceEditor (458)
[2017.01.26-18.35.44:391][ 62]LogModuleManager: Shutting down and abandoning module PlacementMode (457)
[2017.01.26-18.35.44:391][ 62]LogModuleManager: Shutting down and abandoning module WmfMediaFactory (454)
[2017.01.26-18.35.44:391][ 62]LogModuleManager: Shutting down and abandoning module WmfMediaEditor (452)
[2017.01.26-18.35.44:391][ 62]LogModuleManager: Shutting down and abandoning module MfMediaFactory (450)
[2017.01.26-18.35.44:391][ 62]LogModuleManager: Shutting down and abandoning module MfMediaEditor (448)
[2017.01.26-18.35.44:391][ 62]LogModuleManager: Shutting down and abandoning module AvfMediaFactory (446)
[2017.01.26-18.35.44:391][ 62]LogModuleManager: Shutting down and abandoning module AvfMediaEditor (444)
[2017.01.26-18.35.44:391][ 62]LogModuleManager: Shutting down and abandoning module AndroidMediaFactory (442)
[2017.01.26-18.35.44:391][ 62]LogModuleManager: Shutting down and abandoning module Media (441)
[2017.01.26-18.35.44:391][ 62]LogModuleManager: Shutting down and abandoning module AndroidMediaEditor (438)
[2017.01.26-18.35.44:391][ 62]LogModuleManager: Shutting down and abandoning module CharacterAI (436)
[2017.01.26-18.35.44:391][ 62]LogModuleManager: Shutting down and abandoning module AudioCapture (434)
[2017.01.26-18.35.44:391][ 62]LogModuleManager: Shutting down and abandoning module SequenceRecorder (433)
[2017.01.26-18.35.44:391][ 62]LogModuleManager: Shutting down and abandoning module SmartSnapping (430)
[2017.01.26-18.35.44:391][ 62]LogModuleManager: Shutting down and abandoning module SessionServices (428)
[2017.01.26-18.35.44:391][ 62]LogModuleManager: Shutting down and abandoning module ViewportSnapping (426)
[2017.01.26-18.35.44:391][ 62]LogModuleManager: Shutting down and abandoning module ViewportInteraction (424)
[2017.01.26-18.35.44:391][ 62]LogModuleManager: Shutting down and abandoning module LogVisualizer (422)
[2017.01.26-18.35.44:391][ 62]LogModuleManager: Shutting down and abandoning module IntroTutorials (420)
[2017.01.26-18.35.44:391][ 62]LogModuleManager: Shutting down and abandoning module GameProjectGeneration (419)
[2017.01.26-18.35.44:391][ 62]LogModuleManager: Shutting down and abandoning module EditorLiveStreaming (416)
[2017.01.26-18.35.44:391][ 62]LogModuleManager: Shutting down and abandoning module IOSPlatformEditor (414)
[2017.01.26-18.35.44:391][ 62]LogModuleManager: Shutting down and abandoning module HTML5PlatformEditor (412)
[2017.01.26-18.35.44:391][ 62]LogModuleManager: Shutting down and abandoning module AndroidPlatformEditor (410)
[2017.01.26-18.35.44:392][ 62]LogModuleManager: Shutting down and abandoning module AndroidDeviceDetection (409)
[2017.01.26-18.35.44:426][ 62]LogModuleManager: Shutting down and abandoning module IOSRuntimeSettings (406)
[2017.01.26-18.35.44:426][ 62]LogModuleManager: Shutting down and abandoning module AndroidRuntimeSettings (404)
[2017.01.26-18.35.44:426][ 62]LogModuleManager: Shutting down and abandoning module InputBindingEditor (402)
[2017.01.26-18.35.44:426][ 62]LogModuleManager: Shutting down and abandoning module NiagaraEditor (400)
[2017.01.26-18.35.44:426][ 62]LogModuleManager: Shutting down and abandoning module MergeActors (398)
[2017.01.26-18.35.44:426][ 62]LogModuleManager: Shutting down and abandoning module SizeMap (396)
[2017.01.26-18.35.44:426][ 62]LogModuleManager: Shutting down and abandoning module TreeMap (394)
[2017.01.26-18.35.44:427][ 62]LogModuleManager: Shutting down and abandoning module ReferenceViewer (392)
[2017.01.26-18.35.44:427][ 62]LogModuleManager: Shutting down and abandoning module LocalizationDashboard (390)
[2017.01.26-18.35.44:427][ 62]LogModuleManager: Shutting down and abandoning module LocalizationService (389)
[2017.01.26-18.35.44:427][ 62]LogModuleManager: Shutting down and abandoning module HardwareTargeting (386)
[2017.01.26-18.35.44:427][ 62]LogModuleManager: Shutting down and abandoning module DeviceProfileEditor (384)
[2017.01.26-18.35.44:427][ 62]LogModuleManager: Shutting down and abandoning module UndoHistory (382)
[2017.01.26-18.35.44:427][ 62]LogModuleManager: Shutting down and abandoning module UserFeedback (380)
[2017.01.26-18.35.44:427][ 62]LogModuleManager: Shutting down and abandoning module XmlParser (378)
[2017.01.26-18.35.44:427][ 62]LogModuleManager: Shutting down and abandoning module Blutility (376)
[2017.01.26-18.35.44:427][ 62]LogModuleManager: Shutting down and abandoning module ProjectSettingsViewer (374)
[2017.01.26-18.35.44:427][ 62]LogModuleManager: Shutting down and abandoning module ProjectTargetPlatformEditor (373)
[2017.01.26-18.35.44:427][ 62]LogModuleManager: Shutting down and abandoning module EditorSettingsViewer (370)
[2017.01.26-18.35.44:427][ 62]LogModuleManager: Shutting down and abandoning module SettingsEditor (368)
[2017.01.26-18.35.44:428][ 62]LogModuleManager: Shutting down and abandoning module ProjectLauncher (366)
[2017.01.26-18.35.44:428][ 62]LogModuleManager: Shutting down and abandoning module SessionFrontend (364)
[2017.01.26-18.35.44:428][ 62]LogModuleManager: Shutting down and abandoning module ProfilerClient (362)
[2017.01.26-18.35.44:428][ 62]LogModuleManager: Shutting down and abandoning module DeviceManager (360)
[2017.01.26-18.35.44:428][ 62]LogModuleManager: Shutting down and abandoning module TargetDeviceServices (359)
[2017.01.26-18.35.44:468][ 62]LogModuleManager: Shutting down and abandoning module AutomationController (356)
[2017.01.26-18.35.44:468][ 62]LogModuleManager: Shutting down and abandoning module AutomationWindow (354)
[2017.01.26-18.35.44:468][ 62]LogModuleManager: Shutting down and abandoning module Layers (352)
[2017.01.26-18.35.44:468][ 62]LogModuleManager: Shutting down and abandoning module ComponentVisualizers (350)
[2017.01.26-18.35.44:468][ 62]LogModuleManager: Shutting down and abandoning module DetailCustomizations (348)
[2017.01.26-18.35.44:468][ 62]LogModuleManager: Shutting down and abandoning module PackagesDialog (346)
[2017.01.26-18.35.44:468][ 62]LogModuleManager: Shutting down and abandoning module Persona (344)
[2017.01.26-18.35.44:468][ 62]LogModuleManager: Shutting down and abandoning module AnimGraph (343)
[2017.01.26-18.35.44:468][ 62]LogModuleManager: Shutting down and abandoning module Kismet (340)
[2017.01.26-18.35.44:469][ 62]LogModuleManager: Shutting down and abandoning module GraphEditor (338)
[2017.01.26-18.35.44:469][ 62]LogModuleManager: Shutting down and abandoning module ClassViewer (336)
[2017.01.26-18.35.44:469][ 62]LogModuleManager: Shutting down and abandoning module Toolbox (334)
[2017.01.26-18.35.44:469][ 62]LogModuleManager: Shutting down and abandoning module ModuleUI (332)
[2017.01.26-18.35.44:469][ 62]LogModuleManager: Shutting down and abandoning module MovieSceneTools (330)
[2017.01.26-18.35.44:469][ 62]LogModuleManager: Shutting down and abandoning module OutputLog (328)
[2017.01.26-18.35.44:469][ 62]LogModuleManager: Shutting down and abandoning module GammaUI (326)
[2017.01.26-18.35.44:469][ 62]LogModuleManager: Shutting down and abandoning module Documentation (324)
[2017.01.26-18.35.44:469][ 62]LogModuleManager: Shutting down and abandoning module Niagara (322)
[2017.01.26-18.35.44:469][ 62]LogModuleManager: Shutting down and abandoning module StreamingPauseRendering (320)
[2017.01.26-18.35.44:470][ 62]LogModuleManager: Shutting down and abandoning module AnalyticsET (318)
[2017.01.26-18.35.44:470][ 62]LogModuleManager: Shutting down and abandoning module PortalServices (316)
[2017.01.26-18.35.44:470][ 62]LogModuleManager: Shutting down and abandoning module PortalRpc (314)
[2017.01.26-18.35.44:470][ 62]LogModuleManager: Shutting down and abandoning module MessagingRpc (312)
[2017.01.26-18.35.44:470][ 62]LogModuleManager: Shutting down and abandoning module AIModule (310)
[2017.01.26-18.35.44:470][ 62]LogModuleManager: Shutting down and abandoning module GameplayDebugger (309)
[2017.01.26-18.35.44:470][ 62]LogModuleManager: Shutting down and abandoning module AITestSuite (307)
[2017.01.26-18.35.44:470][ 62]LogModuleManager: Shutting down and abandoning module ProfilerService (304)
[2017.01.26-18.35.44:591][ 62]LogModuleManager: Shutting down and abandoning module TaskGraph (302)
[2017.01.26-18.35.44:591][ 62]LogModuleManager: Shutting down and abandoning module SteamVRController (300)
[2017.01.26-18.35.44:591][ 62]LogModuleManager: Shutting down and abandoning module SteamVR (298)
[2017.01.26-18.35.44:591][ 62]LogModuleManager: Shutting down and abandoning module ProceduralMeshComponentEditor (296)
[2017.01.26-18.35.44:591][ 62]LogModuleManager: Shutting down and abandoning module ProceduralMeshComponent (294)
[2017.01.26-18.35.44:591][ 62]LogModuleManager: Shutting down and abandoning module OculusLibrary (292)
[2017.01.26-18.35.44:591][ 62]LogModuleManager: Shutting down and abandoning module OculusInput (290)
[2017.01.26-18.35.44:591][ 62]LogModuleManager: Shutting down and abandoning module MobilePatchingUtils (288)
[2017.01.26-18.35.44:591][ 62]LogModuleManager: Shutting down and abandoning module CustomMeshComponent (286)
[2017.01.26-18.35.44:591][ 62]LogModuleManager: Shutting down and abandoning module CableComponent (284)
[2017.01.26-18.35.44:591][ 62]LogModuleManager: Shutting down and abandoning module ArchVisCharacter (282)
[2017.01.26-18.35.44:591][ 62]LogModuleManager: Shutting down and abandoning module MediaPlayerEditor (278)
[2017.01.26-18.35.44:591][ 62]LogModuleManager: Shutting down and abandoning module HTML5Networking (276)
[2017.01.26-18.35.44:591][ 62]LogModuleManager: Shutting down and abandoning module AlembicImporter (274)
[2017.01.26-18.35.44:591][ 62]LogModuleManager: Shutting down and abandoning module AlembicLibrary (273)
[2017.01.26-18.35.44:591][ 62]LogModuleManager: Shutting down and abandoning module GeometryCache (272)
[2017.01.26-18.35.44:591][ 62]LogModuleManager: Shutting down and abandoning module GeometryCacheEd (271)
[2017.01.26-18.35.44:591][ 62]LogModuleManager: Shutting down and abandoning module SuperSearchEditor (266)
[2017.01.26-18.35.44:592][ 62]LogModuleManager: Shutting down and abandoning module SuperSearch (265)
[2017.01.26-18.35.44:592][ 62]LogModuleManager: Shutting down and abandoning module SpeedTreeImporter (262)
[2017.01.26-18.35.44:592][ 62]LogModuleManager: Shutting down and abandoning module PluginBrowser (260)
[2017.01.26-18.35.44:592][ 62]LogModuleManager: Shutting down and abandoning module MobileLauncherProfileWizard (258)
[2017.01.26-18.35.44:592][ 62]LogModuleManager: Shutting down and abandoning module EpicSurvey (256)
[2017.01.26-18.35.44:592][ 62]LogModuleManager: Shutting down and abandoning module VisualStudioSourceCodeAccess (254)
[2017.01.26-18.35.44:592][ 62]LogModuleManager: Shutting down and abandoning module DesktopPlatform (253)
[2017.01.26-18.35.44:592][ 62]LogModuleManager: Shutting down and abandoning module UObjectPlugin (250)
[2017.01.26-18.35.44:592][ 62]LogModuleManager: Shutting down and abandoning module SubversionSourceControl (248)
[2017.01.26-18.35.44:592][ 62]LogModuleManager: Shutting down and abandoning module PerforceSourceControl (246)
[2017.01.26-18.35.44:592][ 62]LogModuleManager: Shutting down and abandoning module GitSourceControl (244)
[2017.01.26-18.35.44:592][ 62]LogModuleManager: Shutting down and abandoning module SourceControl (243)
[2017.01.26-18.35.44:592][ 62]LogModuleManager: Shutting down and abandoning module LightPropagationVolumeEditor (240)
[2017.01.26-18.35.44:592][ 62]LogModuleManager: Shutting down and abandoning module PaperTiledImporter (238)
[2017.01.26-18.35.44:592][ 62]LogModuleManager: Shutting down and abandoning module PaperSpriteSheetImporter (236)
[2017.01.26-18.35.44:592][ 62]LogModuleManager: Shutting down and abandoning module Paper2DEditor (234)
[2017.01.26-18.35.44:592][ 62]LogModuleManager: Shutting down and abandoning module MeshPaint (233)
[2017.01.26-18.35.44:592][ 62]LogModuleManager: Shutting down and abandoning module LevelEditor (231)
[2017.01.26-18.35.44:593][ 62]LogModuleManager: Shutting down and abandoning module PixelInspectorModule (230)
[2017.01.26-18.35.44:593][ 62]LogModuleManager: Shutting down and abandoning module MainFrame (228)
[2017.01.26-18.35.44:593][ 62]LogModuleManager: Shutting down and abandoning module HotReload (227)
[2017.01.26-18.35.44:594][ 62]LogModuleManager: Shutting down and abandoning module ContentBrowser (223)
[2017.01.26-18.35.44:595][ 62]LogModuleManager: Shutting down and abandoning module PhysXVehiclesEditor (220)
[2017.01.26-18.35.44:596][ 62]LogModuleManager: Shutting down and abandoning module PhysXVehicles (218)
[2017.01.26-18.35.44:596][ 62]LogModuleManager: Shutting down and abandoning module LocationServicesBPLibrary (216)
[2017.01.26-18.35.44:596][ 62]LogModuleManager: Shutting down and abandoning module UdpMessaging (214)
[2017.01.26-18.35.44:696][ 62]LogModuleManager: Shutting down and abandoning module TcpMessaging (212)
[2017.01.26-18.35.44:801][ 62]LogModuleManager: Shutting down and abandoning module GameplayTagsEditor (210)
[2017.01.26-18.35.44:801][ 62]LogModuleManager: Shutting down and abandoning module FacialAnimationEditor (208)
[2017.01.26-18.35.44:801][ 62]LogModuleManager: Shutting down and abandoning module FacialAnimation (206)
[2017.01.26-18.35.44:801][ 62]LogModuleManager: Shutting down and abandoning module LightPropagationVolumeRuntime (204)
[2017.01.26-18.35.44:801][ 62]LogModuleManager: Shutting down and abandoning module Paper2D (202)
[2017.01.26-18.35.44:801][ 62]LogModuleManager: Shutting down and abandoning module WindowsMoviePlayer (200)
[2017.01.26-18.35.44:801][ 62]LogModuleManager: Shutting down and abandoning module WmfMedia (198)
[2017.01.26-18.35.44:821][ 62]LogModuleManager: Shutting down and abandoning module MfMedia (196)
[2017.01.26-18.35.44:821][ 62]LogModuleManager: Shutting down and abandoning module MediaAssets (194)
[2017.01.26-18.35.44:821][ 62]LogModuleManager: Shutting down and abandoning module GameLiveStreaming (192)
[2017.01.26-18.35.44:821][ 62]LogModuleManager: Shutting down and abandoning module VREditor (190)
[2017.01.26-18.35.44:821][ 62]LogModuleManager: Shutting down and abandoning module GameplayTasksEditor (188)
[2017.01.26-18.35.44:821][ 62]LogModuleManager: Shutting down and abandoning module BehaviorTreeEditor (186)
[2017.01.26-18.35.44:821][ 62]LogModuleManager: Shutting down and abandoning module FunctionalTesting (184)
[2017.01.26-18.35.44:821][ 62]LogModuleManager: Shutting down and abandoning module CollisionAnalyzer (182)
[2017.01.26-18.35.44:821][ 62]LogModuleManager: Shutting down and abandoning module UMG (180)
[2017.01.26-18.35.44:821][ 62]LogModuleManager: Shutting down and abandoning module UMGEditor (179)
[2017.01.26-18.35.44:822][ 62]LogModuleManager: Shutting down and abandoning module Sequencer (178)
[2017.01.26-18.35.44:822][ 62]LogModuleManager: Shutting down and abandoning module AssetTools (176)
[2017.01.26-18.35.44:822][ 62]LogModuleManager: Shutting down and abandoning module MessageLog (175)
[2017.01.26-18.35.44:822][ 62]LogModuleManager: Shutting down and abandoning module WorkspaceMenuStructure (174)
[2017.01.26-18.35.44:822][ 62]LogModuleManager: Shutting down and abandoning module SlateReflector (168)
[2017.01.26-18.35.44:822][ 62]LogModuleManager: Shutting down and abandoning module Slate (166)
[2017.01.26-18.35.44:822][ 62]LogModuleManager: Shutting down and abandoning module EditorStyle (164)
[2017.01.26-18.35.44:824][ 62]LogModuleManager: Shutting down and abandoning module SourceCodeAccess (162)
[2017.01.26-18.35.44:824][ 62]LogModuleManager: Shutting down and abandoning module HeadMountedDisplay (160)
[2017.01.26-18.35.44:824][ 62]LogModuleManager: Shutting down and abandoning module XAudio2 (158)
[2017.01.26-18.35.44:824][ 62]LogModuleManager: Shutting down and abandoning module Networking (156)
[2017.01.26-18.35.44:824][ 62]LogModuleManager: Shutting down and abandoning module Core (152)
[2017.01.26-18.35.44:824][ 62]LogModuleManager: Shutting down and abandoning module AssetRegistry (150)
[2017.01.26-18.35.44:990][ 62]LogDirectoryWatcher: A directory notification for '../../../Engine/Content/' was aborted.
[2017.01.26-18.35.44:990][ 62]LogDirectoryWatcher: A directory notification for '../../../../../проект/shooter/Content/' was aborted.
[2017.01.26-18.35.44:990][ 62]LogDirectoryWatcher: A directory notification for '../../../Engine/Plugins/2D/Paper2D/Content/' was aborted.
[2017.01.26-18.35.44:991][ 62]LogModuleManager: Shutting down and abandoning module DirectoryWatcher (149)
[2017.01.26-18.35.44:992][ 62]LogModuleManager: Shutting down and abandoning module KismetCompiler (146)
[2017.01.26-18.35.44:993][ 62]LogModuleManager: Shutting down and abandoning module PhysXFormats (144)
[2017.01.26-18.35.44:993][ 62]LogModuleManager: Shutting down and abandoning module MeshUtilities (142)
[2017.01.26-18.35.44:993][ 62]LogModuleManager: Shutting down and abandoning module SimplygonSwarm (141)
[2017.01.26-18.35.44:993][ 62]LogModuleManager: Shutting down and abandoning module SimplygonMeshReduction (139)
[2017.01.26-18.35.44:993][ 62]LogModuleManager: Shutting down and abandoning module QuadricMeshReduction (137)
[2017.01.26-18.35.44:993][ 62]LogModuleManager: Shutting down and abandoning module PropertyEditor (135)
[2017.01.26-18.35.44:993][ 62]LogModuleManager: Shutting down and abandoning module DerivedDataCache (132)
[2017.01.26-18.35.45:055][ 62]LogDerivedDataCache: Shutdown
[2017.01.26-18.35.45:055][ 62]LogModuleManager: Shutting down and abandoning module TargetPlatform (130)
[2017.01.26-18.35.45:055][ 62]LogModuleManager: Shutting down and abandoning module VulkanShaderFormat (129)
[2017.01.26-18.35.45:055][ 62]LogModuleManager: Shutting down and abandoning module ShaderFormatOpenGL (127)
[2017.01.26-18.35.45:055][ 62]LogModuleManager: Shutting down and abandoning module ShaderFormatD3D (125)
[2017.01.26-18.35.45:055][ 62]LogModuleManager: Shutting down and abandoning module MetalShaderFormat (123)
[2017.01.26-18.35.45:055][ 62]LogModuleManager: Shutting down and abandoning module TextureFormatUncompressed (121)
[2017.01.26-18.35.45:055][ 62]LogModuleManager: Shutting down and abandoning module TextureFormatPVR (119)
[2017.01.26-18.35.45:055][ 62]LogModuleManager: Shutting down and abandoning module TextureFormatDXT (117)
[2017.01.26-18.35.45:055][ 62]LogModuleManager: Shutting down and abandoning module TextureFormatIntelISPCTexComp (115)
[2017.01.26-18.35.45:055][ 62]LogModuleManager: Shutting down and abandoning module TextureFormatASTC (113)
[2017.01.26-18.35.45:055][ 62]LogModuleManager: Shutting down and abandoning module ImageWrapper (112)
[2017.01.26-18.35.45:055][ 62]LogModuleManager: Shutting down and abandoning module TextureFormatAndroid (109)
[2017.01.26-18.35.45:055][ 62]LogModuleManager: Shutting down and abandoning module AudioFormatOpus (107)
[2017.01.26-18.35.45:055][ 62]LogModuleManager: Shutting down and abandoning module AudioFormatOgg (105)
[2017.01.26-18.35.45:055][ 62]LogModuleManager: Shutting down and abandoning module AudioFormatADPCM (103)
[2017.01.26-18.35.45:055][ 62]LogModuleManager: Shutting down and abandoning module LinuxTargetPlatform (101)
[2017.01.26-18.35.45:055][ 62]LogModuleManager: Shutting down and abandoning module LinuxServerTargetPlatform (99)
[2017.01.26-18.35.45:055][ 62]LogModuleManager: Shutting down and abandoning module LinuxNoEditorTargetPlatform (97)
[2017.01.26-18.35.45:055][ 62]LogModuleManager: Shutting down and abandoning module LinuxClientTargetPlatform (95)
[2017.01.26-18.35.45:055][ 62]LogModuleManager: Shutting down and abandoning module TVOSTargetPlatform (93)
[2017.01.26-18.35.45:055][ 62]LogModuleManager: Shutting down and abandoning module Messaging (91)
[2017.01.26-18.35.45:055][ 62]LogModuleManager: Shutting down and abandoning module IOSTargetPlatform (89)
[2017.01.26-18.35.45:055][ 62]LogModuleManager: Shutting down and abandoning module HTML5TargetPlatform (87)
[2017.01.26-18.35.45:055][ 62]LogModuleManager: Shutting down and abandoning module Android_PVRTCTargetPlatform (85)
[2017.01.26-18.35.45:056][ 62]LogModuleManager: Shutting down and abandoning module Android_MultiTargetPlatform (83)
[2017.01.26-18.35.45:056][ 62]LogModuleManager: Shutting down and abandoning module Android_ETC2TargetPlatform (81)
[2017.01.26-18.35.45:056][ 62]LogModuleManager: Shutting down and abandoning module Android_ETC1TargetPlatform (79)
[2017.01.26-18.35.45:056][ 62]LogModuleManager: Shutting down and abandoning module Android_DXTTargetPlatform (77)
[2017.01.26-18.35.45:056][ 62]LogModuleManager: Shutting down and abandoning module Android_ATCTargetPlatform (75)
[2017.01.26-18.35.45:056][ 62]LogModuleManager: Shutting down and abandoning module Android_ASTCTargetPlatform (73)
[2017.01.26-18.35.45:056][ 62]LogModuleManager: Shutting down and abandoning module AndroidTargetPlatform (71)
[2017.01.26-18.35.45:056][ 62]LogModuleManager: Shutting down and abandoning module WindowsTargetPlatform (69)
[2017.01.26-18.35.45:056][ 62]LogModuleManager: Shutting down and abandoning module WindowsServerTargetPlatform (67)
[2017.01.26-18.35.45:056][ 62]LogModuleManager: Shutting down and abandoning module WindowsNoEditorTargetPlatform (65)
[2017.01.26-18.35.45:056][ 62]LogModuleManager: Shutting down and abandoning module WindowsClientTargetPlatform (63)
[2017.01.26-18.35.45:056][ 62]LogModuleManager: Shutting down and abandoning module MacTargetPlatform (61)
[2017.01.26-18.35.45:056][ 62]LogModuleManager: Shutting down and abandoning module MacServerTargetPlatform (59)
[2017.01.26-18.35.45:056][ 62]LogModuleManager: Shutting down and abandoning module MacNoEditorTargetPlatform (57)
[2017.01.26-18.35.45:056][ 62]LogModuleManager: Shutting down and abandoning module MacClientTargetPlatform (55)
[2017.01.26-18.35.45:056][ 62]LogModuleManager: Shutting down and abandoning module AllDesktopTargetPlatform (53)
[2017.01.26-18.35.45:056][ 62]LogModuleManager: Shutting down and abandoning module InputCore (50)
[2017.01.26-18.35.45:056][ 62]LogModuleManager: Shutting down and abandoning module Settings (48)
[2017.01.26-18.35.45:056][ 62]LogModuleManager: Shutting down and abandoning module OculusRift (46)
[2017.01.26-18.35.45:056][ 62]LogModuleManager: Shutting down and abandoning module ExampleDeviceProfileSelector (44)
[2017.01.26-18.35.45:056][ 62]LogModuleManager: Shutting down and abandoning module OnlineBlueprintSupport (42)
[2017.01.26-18.35.45:056][ 62]LogModuleManager: Shutting down and abandoning module OnlineSubsystem (38)
[2017.01.26-18.35.45:057][ 62]LogOnline:Display: Unloading online subsystem: NULL
[2017.01.26-18.35.45:057][ 62]LogModuleManager: Shutting down and abandoning module XMPP (37)
[2017.01.26-18.35.45:057][ 62]LogModuleManager: Shutting down and abandoning module HTTP (35)
[2017.01.26-18.35.45:057][ 62]LogHttp:Display: Http module shutting down, but needs to wait on 1 outstanding Http requests:
[2017.01.26-18.35.45:057][ 62]LogHttp:Display: 	verb=[POST] url=[https://datarouter.ol.epicgames.com/datarouter/api/v1/public/data?SessionID=%7B8D04D96D-44DA-AFA5-4566-27B3D7AEBDE3%7D&AppID=UEEditor.Rocket.Release&AppVersion=4.15.0-3269047%2B%2B%2BUE4%2BRelease-4.15&UserID=292db3ce479005ce9ce45e98f54cf7e8%7C6a580a7ce91d4a18860ec6758e5e9855%7C9cbebc3b-067c-43e7-ab52-1e13e43ee118&AppEnvironment=datacollector-binary&UploadType=eteventstream] status=Processing
[2017.01.26-18.35.45:098][ 62]LogModuleManager: Shutting down and abandoning module SSL (34)
[2017.01.26-18.35.45:101][ 62]LogModuleManager: Shutting down and abandoning module AudioEditor (30)
[2017.01.26-18.35.45:101][ 62]LogModuleManager: Shutting down and abandoning module TextureCompressor (28)
[2017.01.26-18.35.45:101][ 62]LogModuleManager: Shutting down and abandoning module ShaderCore (26)
[2017.01.26-18.35.45:101][ 62]LogModuleManager: Shutting down and abandoning module Landscape (24)
[2017.01.26-18.35.45:101][ 62]LogModuleManager: Shutting down and abandoning module SlateRHIRenderer (22)
[2017.01.26-18.35.45:104][ 62]LogModuleManager: Shutting down and abandoning module OpenGLDrv (20)
[2017.01.26-18.35.45:104][ 62]LogModuleManager: Shutting down and abandoning module D3D11RHI (18)
[2017.01.26-18.35.45:104][ 62]LogModuleManager: Shutting down and abandoning module AnimGraphRuntime (16)
[2017.01.26-18.35.45:104][ 62]LogModuleManager: Shutting down and abandoning module Renderer (14)
[2017.01.26-18.35.45:104][ 62]LogModuleManager: Shutting down and abandoning module Engine (12)
[2017.01.26-18.35.45:104][ 62]LogModuleManager: Shutting down and abandoning module CoreUObject (10)
[2017.01.26-18.35.45:104][ 62]LogModuleManager: Shutting down and abandoning module NetworkFile (8)
[2017.01.26-18.35.45:104][ 62]LogModuleManager: Shutting down and abandoning module StreamingFile (6)
[2017.01.26-18.35.45:104][ 62]LogModuleManager: Shutting down and abandoning module SandboxFile (4)
[2017.01.26-18.35.45:104][ 62]LogModuleManager: Shutting down and abandoning module PakFile (2)
[2017.01.26-18.35.45:106][ 62]LogExit: Exiting.
[2017.01.26-18.35.45:109][ 62]Log file closed, 01/26/17 21:35:45
